<?xml version="1.0" encoding="UTF-8"?>
<testsuites>
  <testsuite name="fastlane.lanes">
    
    
    
      
      <testcase classname="fastlane.lanes" name="0: run_tests" time="26.52165">
        
      </testcase>
    
      
      <testcase classname="fastlane.lanes" name="1: git_branch" time="0.029742">
        
      </testcase>
    
      
      <testcase classname="fastlane.lanes" name="2: pod_push" time="51.776209">
        
          <failure message="/Library/Ruby/Gems/2.3.0/gems/fastlane-2.116.1/fastlane/lib/fastlane/actions/actions_helper.rb:48:in `execute_action'&#10;/Library/Ruby/Gems/2.3.0/gems/fastlane-2.116.1/fastlane/lib/fastlane/runner.rb:232:in `block in execute_action'&#10;/Library/Ruby/Gems/2.3.0/gems/fastlane-2.116.1/fastlane/lib/fastlane/runner.rb:227:in `chdir'&#10;/Library/Ruby/Gems/2.3.0/gems/fastlane-2.116.1/fastlane/lib/fastlane/runner.rb:227:in `execute_action'&#10;/Library/Ruby/Gems/2.3.0/gems/fastlane-2.116.1/fastlane/lib/fastlane/runner.rb:157:in `trigger_action_by_name'&#10;/Library/Ruby/Gems/2.3.0/gems/fastlane-2.116.1/fastlane/lib/fastlane/fast_file.rb:154:in `method_missing'&#10;Fastfile:19:in `block in parsing_binding'&#10;/Library/Ruby/Gems/2.3.0/gems/fastlane-2.116.1/fastlane/lib/fastlane/lane.rb:33:in `call'&#10;/Library/Ruby/Gems/2.3.0/gems/fastlane-2.116.1/fastlane/lib/fastlane/runner.rb:49:in `block in execute'&#10;/Library/Ruby/Gems/2.3.0/gems/fastlane-2.116.1/fastlane/lib/fastlane/runner.rb:45:in `chdir'&#10;/Library/Ruby/Gems/2.3.0/gems/fastlane-2.116.1/fastlane/lib/fastlane/runner.rb:45:in `execute'&#10;/Library/Ruby/Gems/2.3.0/gems/fastlane-2.116.1/fastlane/lib/fastlane/lane_manager.rb:56:in `cruise_lane'&#10;/Library/Ruby/Gems/2.3.0/gems/fastlane-2.116.1/fastlane/lib/fastlane/command_line_handler.rb:36:in `handle'&#10;/Library/Ruby/Gems/2.3.0/gems/fastlane-2.116.1/fastlane/lib/fastlane/commands_generator.rb:108:in `block (2 levels) in run'&#10;/Library/Ruby/Gems/2.3.0/gems/commander-fastlane-4.4.6/lib/commander/command.rb:178:in `call'&#10;/Library/Ruby/Gems/2.3.0/gems/commander-fastlane-4.4.6/lib/commander/command.rb:153:in `run'&#10;/Library/Ruby/Gems/2.3.0/gems/commander-fastlane-4.4.6/lib/commander/runner.rb:476:in `run_active_command'&#10;/Library/Ruby/Gems/2.3.0/gems/fastlane-2.116.1/fastlane_core/lib/fastlane_core/ui/fastlane_runner.rb:76:in `run!'&#10;/Library/Ruby/Gems/2.3.0/gems/commander-fastlane-4.4.6/lib/commander/delegates.rb:15:in `run!'&#10;/Library/Ruby/Gems/2.3.0/gems/fastlane-2.116.1/fastlane/lib/fastlane/commands_generator.rb:333:in `run'&#10;/Library/Ruby/Gems/2.3.0/gems/fastlane-2.116.1/fastlane/lib/fastlane/commands_generator.rb:41:in `start'&#10;/Library/Ruby/Gems/2.3.0/gems/fastlane-2.116.1/fastlane/lib/fastlane/cli_tools_distributor.rb:119:in `take_off'&#10;/Library/Ruby/Gems/2.3.0/gems/fastlane-2.116.1/bin/fastlane:23:in `&lt;top (required)&gt;'&#10;/usr/local/bin/fastlane:22:in `load'&#10;/usr/local/bin/fastlane:22:in `&lt;top (required)&gt;'&#10;/Library/Ruby/Gems/2.3.0/gems/bundler-1.17.1/lib/bundler/cli/exec.rb:74:in `load'&#10;/Library/Ruby/Gems/2.3.0/gems/bundler-1.17.1/lib/bundler/cli/exec.rb:74:in `kernel_load'&#10;/Library/Ruby/Gems/2.3.0/gems/bundler-1.17.1/lib/bundler/cli/exec.rb:28:in `run'&#10;/Library/Ruby/Gems/2.3.0/gems/bundler-1.17.1/lib/bundler/cli.rb:463:in `exec'&#10;/Library/Ruby/Gems/2.3.0/gems/bundler-1.17.1/lib/bundler/vendor/thor/lib/thor/command.rb:27:in `run'&#10;/Library/Ruby/Gems/2.3.0/gems/bundler-1.17.1/lib/bundler/vendor/thor/lib/thor/invocation.rb:126:in `invoke_command'&#10;/Library/Ruby/Gems/2.3.0/gems/bundler-1.17.1/lib/bundler/vendor/thor/lib/thor.rb:387:in `dispatch'&#10;/Library/Ruby/Gems/2.3.0/gems/bundler-1.17.1/lib/bundler/cli.rb:27:in `dispatch'&#10;/Library/Ruby/Gems/2.3.0/gems/bundler-1.17.1/lib/bundler/vendor/thor/lib/thor/base.rb:466:in `start'&#10;/Library/Ruby/Gems/2.3.0/gems/bundler-1.17.1/lib/bundler/cli.rb:18:in `start'&#10;/Library/Ruby/Gems/2.3.0/gems/bundler-1.17.1/exe/bundle:30:in `block in &lt;top (required)&gt;'&#10;/Library/Ruby/Gems/2.3.0/gems/bundler-1.17.1/lib/bundler/friendly_errors.rb:124:in `with_friendly_errors'&#10;/Library/Ruby/Gems/2.3.0/gems/bundler-1.17.1/exe/bundle:22:in `&lt;top (required)&gt;'&#10;/usr/local/bin/bundle:22:in `load'&#10;/usr/local/bin/bundle:22:in `&lt;main&gt;'&#10;&#10;Exit status of command 'pod trunk push 'Ameiurus.podspec'' was 1 instead of 0.&#10;Updating spec repo `master`&#10;&#10;CocoaPods 1.7.0.beta.1 is available.&#10;To update use: `sudo gem install cocoapods --pre`&#10;[!] This is a test version we'd love you to try.&#10;&#10;For more information, see https://blog.cocoapods.org and the CHANGELOG for this version at https://github.com/CocoaPods/CocoaPods/releases/tag/1.7.0.beta.1&#10;&#10;Validating podspec&#10; -&gt; Ameiurus -&gt; Ameiurus (1.0.0)&#10;    - WARN  | [iOS] license: Unable to find a license file&#10;    - ERROR | [iOS] xcodebuild: Returned an unsuccessful exit code. You can use `--verbose` for more information.&#10;    - NOTE  | xcodebuild:  note: Using new build system&#10;    - NOTE  | [iOS] xcodebuild:  note: Planning build&#10;    - NOTE  | [iOS] xcodebuild:  note: Constructing build description&#10;    - NOTE  | [iOS] xcodebuild:  warning: Capabilities for App may not function correctly because its entitlements use a placeholder team ID. To resolve this, select a development team in the build settings editor. (in target 'App')&#10;    - NOTE  | [iOS] xcodebuild:  warning: Skipping code signing because the target does not have an Info.plist file. (in target 'App')&#10;    - ERROR | xcodebuild:  Ameiurus/Ameiurus-melas/Ameiurus-melasTests/Ameiurus_melasTests.swift:9:8: error: cannot load underlying module for 'XCTest'&#10;&#10;[!] The spec did not pass validation, due to 2 errors and 1 warning.&#10;&#10;[!] Unable to read the license file `LICENSE` for the spec `Ameiurus (1.0.0)`&#10;&#10;[!] Unable to read the license file `LICENSE` for the spec `Ameiurus (1.0.0)`&#10;" />
        
      </testcase>
    
  </testsuite>
</testsuites>
